<?xml version="1.0" encoding="UTF-8"?>
<testsuite name="org.gd.connect.FileStreamSinkTaskTestV2" tests="3" skipped="0" failures="0" errors="0" timestamp="2023-07-18T14:52:10" hostname="byoon.local" time="0.231">
  <properties/>
  <testcase name="testPut()" classname="org.gd.connect.FileStreamSinkTaskTestV2" time="0.224"/>
  <testcase name="testFileRolloverBasedOnDate()" classname="org.gd.connect.FileStreamSinkTaskTestV2" time="0.003"/>
  <testcase name="testFileRolloverBasedOnSize()" classname="org.gd.connect.FileStreamSinkTaskTestV2" time="0.003"/>
  <system-out><![CDATA[File path: /var/folders/79/k3rn3pmj53l9yn03fl1tzyjm0000gn/T/kafka-connect-sink-tests5985107823604557351/test-20230718-235210297.log
File name: test-20230718-235210297.log
File deleted: /var/folders/79/k3rn3pmj53l9yn03fl1tzyjm0000gn/T/kafka-connect-sink-tests5985107823604557351/test-20230718-235210297.log
File path: /var/folders/79/k3rn3pmj53l9yn03fl1tzyjm0000gn/T/kafka-connect-sink-tests9008022428784861749/test-20230719-235210315.log
File name: test-20230719-235210315.log
File path: /var/folders/79/k3rn3pmj53l9yn03fl1tzyjm0000gn/T/kafka-connect-sink-tests9008022428784861749/test-20230718-235210315.log
File name: test-20230718-235210315.log
File deleted: /var/folders/79/k3rn3pmj53l9yn03fl1tzyjm0000gn/T/kafka-connect-sink-tests9008022428784861749/test-20230719-235210315.log
File deleted: /var/folders/79/k3rn3pmj53l9yn03fl1tzyjm0000gn/T/kafka-connect-sink-tests9008022428784861749/test-20230718-235210315.log
File path: /var/folders/79/k3rn3pmj53l9yn03fl1tzyjm0000gn/T/kafka-connect-sink-tests3224216622847679748/test-20230718-235210318.log
File name: test-20230718-235210318.log
File path: /var/folders/79/k3rn3pmj53l9yn03fl1tzyjm0000gn/T/kafka-connect-sink-tests3224216622847679748/test-20230718-235210319.log
File name: test-20230718-235210319.log
File deleted: /var/folders/79/k3rn3pmj53l9yn03fl1tzyjm0000gn/T/kafka-connect-sink-tests3224216622847679748/test-20230718-235210318.log
File deleted: /var/folders/79/k3rn3pmj53l9yn03fl1tzyjm0000gn/T/kafka-connect-sink-tests3224216622847679748/test-20230718-235210319.log
]]></system-out>
  <system-err><![CDATA[]]></system-err>
</testsuite>
